# JRE version: OpenJDK Runtime Environment (21.0.2+13) (build 21.0.2+13-58)
# Java VM: OpenJDK 64-Bit Server VM (21.0.2+13-58, mixed mode, sharing, tiered, compressed oops, compressed class ptrs, g1 gc, windows-amd64)
GC Precious Log:
 CardTable entry size: 512
 Card Set container configuration: InlinePtr #cards 5 size 8 Array Of Cards #cards 12 size 40 Howl #buckets 4 coarsen threshold 1843 Howl Bitmap #cards 512 size 80 coarsen threshold 460 Card regions per heap region 1 cards per card region 2048
 CPUs: 4 total, 4 available
 Memory: 7082M
 Large Page Support: Disabled
 NUMA Support: Disabled
 Compressed Oops: Enabled (32-bit)
 Heap Region Size: 1M
 Heap Min Capacity: 8M
 Heap Initial Capacity: 112M
 Heap Max Capacity: 1772M
 Pre-touch: Disabled
 Parallel Workers: 4
 Concurrent Workers: 1
 Concurrent Refinement Workers: 4
 Periodic GC: Disabled
Heap:
 garbage-first heap   total 51200K, used 36347K [0x0000000091400000, 0x0000000100000000)
  region size 1024K, 16 young (16384K), 3 survivors (3072K)
 Metaspace       used 55107K, committed 55744K, reserved 1114112K
  class space    used 7060K, committed 7360K, reserved 1048576K
GC Heap History (20 events):
Event: 4.421 GC heap before
{Heap before GC invocations=0 (full 0):
 garbage-first heap   total 114688K, used 13312K [0x0000000091400000, 0x0000000100000000)
  region size 1024K, 13 young (13312K), 0 survivors (0K)
 Metaspace       used 3633K, committed 3904K, reserved 1114112K
  class space    used 348K, committed 448K, reserved 1048576K
}
Event: 4.440 GC heap after
{Heap after GC invocations=1 (full 0):
 garbage-first heap   total 114688K, used 6464K [0x0000000091400000, 0x0000000100000000)
  region size 1024K, 2 young (2048K), 2 survivors (2048K)
 Metaspace       used 3633K, committed 3904K, reserved 1114112K
  class space    used 348K, committed 448K, reserved 1048576K
}
Event: 5.945 GC heap before
{Heap before GC invocations=1 (full 0):
 garbage-first heap   total 114688K, used 18752K [0x0000000091400000, 0x0000000100000000)
  region size 1024K, 14 young (14336K), 2 survivors (2048K)
 Metaspace       used 7362K, committed 7616K, reserved 1114112K
  class space    used 859K, committed 960K, reserved 1048576K
}
Event: 5.957 GC heap after
{Heap after GC invocations=2 (full 0):
 garbage-first heap   total 114688K, used 7947K [0x0000000091400000, 0x0000000100000000)
  region size 1024K, 2 young (2048K), 2 survivors (2048K)
 Metaspace       used 7362K, committed 7616K, reserved 1114112K
  class space    used 859K, committed 960K, reserved 1048576K
}
Event: 7.823 GC heap before
{Heap before GC invocations=2 (full 0):
 garbage-first heap   total 114688K, used 36619K [0x0000000091400000, 0x0000000100000000)
  region size 1024K, 31 young (31744K), 2 survivors (2048K)
 Metaspace       used 15621K, committed 15872K, reserved 1114112K
  class space    used 1876K, committed 1984K, reserved 1048576K
}
Event: 7.835 GC heap after
{Heap after GC invocations=3 (full 0):
 garbage-first heap   total 114688K, used 9967K [0x0000000091400000, 0x0000000100000000)
  region size 1024K, 4 young (4096K), 4 survivors (4096K)
 Metaspace       used 15621K, committed 15872K, reserved 1114112K
  class space    used 1876K, committed 1984K, reserved 1048576K
}
Event: 11.547 GC heap before
{Heap before GC invocations=3 (full 0):
 garbage-first heap   total 114688K, used 45807K [0x0000000091400000, 0x0000000100000000)
  region size 1024K, 40 young (40960K), 4 survivors (4096K)
 Metaspace       used 21250K, committed 21504K, reserved 1114112K
  class space    used 2573K, committed 2688K, reserved 1048576K
}
Event: 11.569 GC heap after
{Heap after GC invocations=4 (full 0):
 garbage-first heap   total 114688K, used 13530K [0x0000000091400000, 0x0000000100000000)
  region size 1024K, 7 young (7168K), 7 survivors (7168K)
 Metaspace       used 21250K, committed 21504K, reserved 1114112K
  class space    used 2573K, committed 2688K, reserved 1048576K
}
Event: 13.593 GC heap before
{Heap before GC invocations=5 (full 0):
 garbage-first heap   total 51200K, used 37082K [0x0000000091400000, 0x0000000100000000)
  region size 1024K, 30 young (30720K), 7 survivors (7168K)
 Metaspace       used 26616K, committed 27072K, reserved 1114112K
  class space    used 3305K, committed 3520K, reserved 1048576K
}
Event: 13.630 GC heap after
{Heap after GC invocations=6 (full 0):
 garbage-first heap   total 51200K, used 16425K [0x0000000091400000, 0x0000000100000000)
  region size 1024K, 4 young (4096K), 4 survivors (4096K)
 Metaspace       used 26616K, committed 27072K, reserved 1114112K
  class space    used 3305K, committed 3520K, reserved 1048576K
}
Event: 15.768 GC heap before
{Heap before GC invocations=6 (full 0):
 garbage-first heap   total 51200K, used 37929K [0x0000000091400000, 0x0000000100000000)
  region size 1024K, 26 young (26624K), 4 survivors (4096K)
 Metaspace       used 31983K, committed 32512K, reserved 1114112K
  class space    used 4059K, committed 4288K, reserved 1048576K
}
Event: 15.781 GC heap after
{Heap after GC invocations=7 (full 0):
 garbage-first heap   total 51200K, used 17529K [0x0000000091400000, 0x0000000100000000)
  region size 1024K, 2 young (2048K), 2 survivors (2048K)
 Metaspace       used 31983K, committed 32512K, reserved 1114112K
  class space    used 4059K, committed 4288K, reserved 1048576K
}
Event: 16.736 GC heap before
{Heap before GC invocations=7 (full 0):
 garbage-first heap   total 51200K, used 28793K [0x0000000091400000, 0x0000000100000000)
  region size 1024K, 14 young (14336K), 2 survivors (2048K)
 Metaspace       used 35512K, committed 36096K, reserved 1114112K
  class space    used 4581K, committed 4864K, reserved 1048576K
}
Event: 16.741 GC heap after
{Heap after GC invocations=8 (full 0):
 garbage-first heap   total 51200K, used 18146K [0x0000000091400000, 0x0000000100000000)
  region size 1024K, 3 young (3072K), 3 survivors (3072K)
 Metaspace       used 35512K, committed 36096K, reserved 1114112K
  class space    used 4581K, committed 4864K, reserved 1048576K
}
Event: 23.634 GC heap before
{Heap before GC invocations=9 (full 0):
 garbage-first heap   total 51200K, used 41698K [0x0000000091400000, 0x0000000100000000)
  region size 1024K, 26 young (26624K), 3 survivors (3072K)
 Metaspace       used 45003K, committed 45568K, reserved 1114112K
  class space    used 5725K, committed 6016K, reserved 1048576K
}
Event: 23.646 GC heap after
{Heap after GC invocations=10 (full 0):
 garbage-first heap   total 51200K, used 20967K [0x0000000091400000, 0x0000000100000000)
  region size 1024K, 4 young (4096K), 4 survivors (4096K)
 Metaspace       used 45003K, committed 45568K, reserved 1114112K
  class space    used 5725K, committed 6016K, reserved 1048576K
}
Event: 27.938 GC heap before
{Heap before GC invocations=10 (full 0):
 garbage-first heap   total 51200K, used 41447K [0x0000000091400000, 0x0000000100000000)
  region size 1024K, 25 young (25600K), 4 survivors (4096K)
 Metaspace       used 50132K, committed 50688K, reserved 1114112K
  class space    used 6481K, committed 6720K, reserved 1048576K
}
Event: 27.950 GC heap after
{Heap after GC invocations=11 (full 0):
 garbage-first heap   total 51200K, used 23266K [0x0000000091400000, 0x0000000100000000)
  region size 1024K, 3 young (3072K), 3 survivors (3072K)
 Metaspace       used 50132K, committed 50688K, reserved 1114112K
  class space    used 6481K, committed 6720K, reserved 1048576K
}
Event: 37.959 GC heap before
{Heap before GC invocations=11 (full 0):
 garbage-first heap   total 51200K, used 42722K [0x0000000091400000, 0x0000000100000000)
  region size 1024K, 22 young (22528K), 3 survivors (3072K)
 Metaspace       used 53779K, committed 54400K, reserved 1114112K
  class space    used 6940K, committed 7232K, reserved 1048576K
}
Event: 37.977 GC heap after
{Heap after GC invocations=12 (full 0):
 garbage-first heap   total 51200K, used 25083K [0x0000000091400000, 0x0000000100000000)
  region size 1024K, 3 young (3072K), 3 survivors (3072K)
 Metaspace       used 53779K, committed 54400K, reserved 1114112K
  class space    used 6940K, committed 7232K, reserved 1048576K
}

